<?xml version="1.0" encoding="UTF-8"?>
<!-- Generated by org.testng.reporters.JUnitReportReporter -->
<testsuite skipped="0" hostname="Venkatramanas-MacBook-Air.local" name="com.appium.demo.rbc.appiumrbcdemo.tests.ShopByCategoryTestCases" tests="1" failures="0" timestamp="24 Dec 2018 16:04:29 GMT" time="28.591" errors="0">
  <testcase name="verifyKindleItems" time="28.591" classname="com.appium.demo.rbc.appiumrbcdemo.tests.ShopByCategoryTestCases"/>
</testsuite> <!-- com.appium.demo.rbc.appiumrbcdemo.tests.ShopByCategoryTestCases -->
