<?xml version="1.0" encoding="UTF-8"?>
<!-- Generated by org.testng.reporters.JUnitReportReporter -->
<testsuite skipped="0" hostname="Venkatramanas-MacBook-Air.local" name="com.appium.demo.rbc.appiumrbcdemo.tests.ShopByCategoryTestCases" tests="1" failures="0" timestamp="02 Jan 2019 23:56:25 GMT" time="31.862" errors="0">
  <testcase name="verifyKindleItems" time="31.862" classname="com.appium.demo.rbc.appiumrbcdemo.tests.ShopByCategoryTestCases"/>
</testsuite> <!-- com.appium.demo.rbc.appiumrbcdemo.tests.ShopByCategoryTestCases -->
