<?xml version="1.0" encoding="UTF-8"?>
<!-- Generated by org.testng.reporters.JUnitReportReporter -->
<testsuite skipped="0" hostname="Venkatramanas-MacBook-Air.local" name="com.appium.demo.rbc.appiumrbcdemo.tests.ShopByCategoryTestCases" tests="1" failures="0" timestamp="22 Dec 2018 18:35:21 GMT" time="34.644" errors="0">
  <testcase name="verifyKindleItems" time="34.644" classname="com.appium.demo.rbc.appiumrbcdemo.tests.ShopByCategoryTestCases"/>
</testsuite> <!-- com.appium.demo.rbc.appiumrbcdemo.tests.ShopByCategoryTestCases -->
